<?xml version="1.0" encoding="UTF-8"?>
<!-- Generated by org.testng.reporters.JUnitReportReporter -->
<testsuite hostname="DESKTOP-VM4S16F" failures="0" tests="1" name="testScenarios.CheckUserOnHoldUsingLoginTest" time="8.699" errors="0" timestamp="2024-06-23T19:49:13 IST" skipped="0">
  <testcase classname="testScenarios.CheckUserOnHoldUsingLoginTest" name="checkUserOnHoldUsingLoginTest" time="8.699"/>
  <system-out/>
</testsuite> <!-- testScenarios.CheckUserOnHoldUsingLoginTest -->
