<?xml version="1.0" encoding="UTF-8"?>
<!-- Generated by org.testng.reporters.JUnitReportReporter -->
<testsuite hostname="DESKTOP-VM4S16F" failures="0" tests="1" name="testScenarios.LocationMasterDataModifyTest" time="19.837" errors="0" timestamp="2024-06-28T11:11:45 IST" skipped="0">
  <testcase classname="testScenarios.LocationMasterDataModifyTest" name="locationDriverDataModifyTest" time="19.837"/>
  <system-out/>
</testsuite> <!-- testScenarios.LocationMasterDataModifyTest -->
