<?xml version="1.0" encoding="UTF-8"?>
<!-- Generated by org.testng.reporters.JUnitReportReporter -->
<testsuite hostname="DESKTOP-VM4S16F" failures="0" tests="8" name="com.Login.LoginTest" time="17.233" errors="0" timestamp="2024-07-03T14:43:56 IST" skipped="0">
  <testcase classname="com.Login.LoginTest" name="loginTest" time="0.715"/>
  <system-out/>
  <testcase classname="com.Login.LoginTest" name="loginTest" time="0.772"/>
  <system-out/>
  <testcase classname="com.Login.LoginTest" name="loginTest" time="2.049"/>
  <system-out/>
  <testcase classname="com.Login.LoginTest" name="loginTest" time="2.597"/>
  <system-out/>
  <testcase classname="com.Login.LoginTest" name="loginTest" time="4.223"/>
  <system-out/>
  <testcase classname="com.Login.LoginTest" name="loginTest" time="2.993"/>
  <system-out/>
  <testcase classname="com.Login.LoginTest" name="loginTest" time="1.825"/>
  <system-out/>
  <testcase classname="com.Login.LoginTest" name="loginTest" time="2.059"/>
  <system-out/>
</testsuite> <!-- com.Login.LoginTest -->
