<?xml version="1.0" encoding="UTF-8"?>
<!-- Generated by org.testng.reporters.JUnitReportReporter -->
<testsuite hostname="DESKTOP-VM4S16F" failures="0" tests="1" name="testScenarios.ModifyUserDataTest" time="7.369" errors="0" timestamp="2024-06-23T19:49:13 IST" skipped="0">
  <testcase classname="testScenarios.ModifyUserDataTest" name="modifyUserDataTest" time="7.369"/>
  <system-out/>
</testsuite> <!-- testScenarios.ModifyUserDataTest -->
