<?xml version="1.0" encoding="UTF-8"?>
<!-- Generated by org.testng.reporters.JUnitReportReporter -->
<testsuite hostname="DESKTOP-VM4S16F" failures="0" tests="1" name="testScenarios.AllocateTruck" time="382.942" errors="0" timestamp="2024-06-17T11:24:50 IST" skipped="0">
  <testcase classname="testScenarios.AllocateTruck" name="allocateTruck" time="382.942"/>
  <system-out/>
</testsuite> <!-- testScenarios.AllocateTruck -->
