<?xml version="1.0" encoding="UTF-8"?>
<!-- Generated by org.testng.reporters.JUnitReportReporter -->
<testsuite hostname="DESKTOP-VM4S16F" failures="0" tests="1" name="testScenarios.PutUserActiveTest" time="14.122" errors="0" timestamp="2024-06-27T12:15:45 IST" skipped="0">
  <testcase classname="testScenarios.PutUserActiveTest" name="putUserActiveTest" time="14.122"/>
  <system-out/>
</testsuite> <!-- testScenarios.PutUserActiveTest -->
