<?xml version="1.0" encoding="UTF-8"?>
<!-- Generated by org.testng.reporters.JUnitReportReporter -->
<testsuite hostname="DESKTOP-VM4S16F" failures="0" tests="1" name="testScenarios.AddLocationTest" time="0.006" errors="0" timestamp="2024-06-24T10:13:43 IST" skipped="0">
  <testcase classname="testScenarios.AddLocationTest" name="addLocationTest" time="0.006"/>
  <system-out/>
</testsuite> <!-- testScenarios.AddLocationTest -->
