<?xml version="1.0" encoding="UTF-8"?>
<!-- Generated by org.testng.reporters.JUnitReportReporter -->
<testsuite hostname="DESKTOP-VM4S16F" failures="0" tests="1" name="testScenarios.AdminPageTest" time="28.603" errors="0" timestamp="2024-06-18T13:29:31 IST" skipped="0">
  <testcase classname="testScenarios.AdminPageTest" name="addNewUserTest" time="28.603"/>
  <system-out/>
</testsuite> <!-- testScenarios.AdminPageTest -->
