<?xml version="1.0" encoding="UTF-8"?>
<!-- Generated by org.testng.reporters.JUnitReportReporter -->
<testsuite hostname="DESKTOP-VM4S16F" failures="0" tests="1" name="testScenarios.LoginTest" time="7.851" errors="0" timestamp="2024-06-14T11:22:16 IST" skipped="0">
  <testcase classname="testScenarios.LoginTest" name="loginAndEnterToHomePage" time="7.851"/>
  <system-out/>
</testsuite> <!-- testScenarios.LoginTest -->
