<?xml version="1.0" encoding="UTF-8"?>
<!-- Generated by org.testng.reporters.JUnitReportReporter -->
<testsuite hostname="DESKTOP-VM4S16F" failures="0" tests="1" name="com.Login.ForgetPasswordTest" time="11.451" errors="0" timestamp="2024-07-01T19:18:24 IST" skipped="0">
  <testcase classname="com.Login.ForgetPasswordTest" name="forgetPasswordTest" time="11.451"/>
  <system-out/>
</testsuite> <!-- com.Login.ForgetPasswordTest -->
