<?xml version="1.0" encoding="UTF-8"?>
<!-- Generated by org.testng.reporters.JUnitReportReporter -->
<testsuite hostname="DESKTOP-VM4S16F" failures="0" tests="1" name="testScenarios.LoginUserAfterActivatingTest" time="7.999" errors="0" timestamp="2024-06-27T12:15:45 IST" skipped="0">
  <testcase classname="testScenarios.LoginUserAfterActivatingTest" name="loginUserAfterActivating" time="7.999"/>
  <system-out/>
</testsuite> <!-- testScenarios.LoginUserAfterActivatingTest -->
