<?xml version="1.0" encoding="UTF-8"?>
<!-- Generated by org.testng.reporters.JUnitReportReporter -->
<testsuite hostname="DESKTOP-VM4S16F" failures="0" tests="1" name="testScenarios.EndpointPostTest" time="60.197" errors="0" timestamp="2024-06-13T17:48:20 IST" skipped="0">
  <testcase classname="testScenarios.EndpointPostTest" name="endPointApiPush" time="60.197"/>
  <system-out/>
</testsuite> <!-- testScenarios.EndpointPostTest -->
