<?xml version="1.0" encoding="UTF-8"?>
<!-- Generated by org.testng.reporters.JUnitReportReporter -->
<testsuite hostname="DESKTOP-VM4S16F" failures="0" tests="3" name="testScenarios.LoginTest" time="47.792" errors="0" timestamp="2024-04-25T16:55:42 IST" skipped="0">
  <testcase classname="testScenarios.LoginTest" name="allocateTruck" time="7.190"/>
  <system-out/>
  <testcase classname="testScenarios.LoginTest" name="loginAndEnterToHomePage" time="3.033"/>
  <system-out/>
  <testcase classname="testScenarios.LoginTest" name="createTrip" time="37.569"/>
  <system-out/>
</testsuite> <!-- testScenarios.LoginTest -->
