<?xml version="1.0" encoding="UTF-8"?>
<!-- Generated by org.testng.reporters.JUnitReportReporter -->
<testsuite hostname="DESKTOP-VM4S16F" failures="0" tests="1" name="testScenarios.ActivateDriverTest" time="0.000" errors="0" timestamp="2024-07-09T10:15:12 IST" skipped="1">
  <testcase classname="testScenarios.ActivateDriverTest" name="driverActiveTest" time="0.000">
    <skipped/>
  </testcase> <!-- driverActiveTest -->
  <system-out/>
</testsuite> <!-- testScenarios.ActivateDriverTest -->
