<?xml version="1.0" encoding="UTF-8"?>
<!-- Generated by org.testng.reporters.JUnitReportReporter -->
<testsuite hostname="DESKTOP-VM4S16F" failures="0" tests="1" name="testScenarios.PutUserActiveTest" time="9.543" errors="0" timestamp="2024-06-23T19:49:13 IST" skipped="0">
  <testcase classname="testScenarios.PutUserActiveTest" name="putUserActiveTest" time="9.543"/>
  <system-out/>
</testsuite> <!-- testScenarios.PutUserActiveTest -->
