<?xml version="1.0" encoding="UTF-8"?>
<!-- Generated by org.testng.reporters.JUnitReportReporter -->
<testsuite hostname="DESKTOP-VM4S16F" failures="0" tests="1" name="testScenarios.DeleteLocationMasterDataTest" time="2.660" errors="0" timestamp="2024-06-28T11:11:45 IST" skipped="0">
  <testcase classname="testScenarios.DeleteLocationMasterDataTest" name="deleteLocationMasterDataTest" time="2.660"/>
  <system-out/>
</testsuite> <!-- testScenarios.DeleteLocationMasterDataTest -->
