<?xml version="1.0" encoding="UTF-8"?>
<!-- Generated by org.testng.reporters.JUnitReportReporter -->
<testsuite hostname="DESKTOP-VM4S16F" failures="0" tests="1" name="testScenarios.DeleteDriverMasterDataTest" time="7.000" errors="0" timestamp="2024-07-03T11:58:36 IST" skipped="0">
  <testcase classname="testScenarios.DeleteDriverMasterDataTest" name="deleteDriverDataTest" time="7.000"/>
  <system-out/>
</testsuite> <!-- testScenarios.DeleteDriverMasterDataTest -->
