<?xml version="1.0" encoding="UTF-8"?>
<!-- Generated by org.testng.reporters.JUnitReportReporter -->
<testsuite hostname="DESKTOP-VM4S16F" failures="0" tests="1" name="testScenarios.NewTest" time="20.754" errors="0" timestamp="2024-04-25T12:16:48 IST" skipped="0">
  <testcase classname="testScenarios.NewTest" name="createNewTrip" time="20.754"/>
  <system-out/>
</testsuite> <!-- testScenarios.NewTest -->
