<?xml version="1.0" encoding="UTF-8"?>
<!-- Generated by org.testng.reporters.JUnitReportReporter -->
<testsuite hostname="DESKTOP-VM4S16F" failures="0" tests="1" name="testScenarios.DeleteGroupTest" time="17.996" errors="0" timestamp="2024-06-18T17:28:20 IST" skipped="0">
  <testcase classname="testScenarios.DeleteGroupTest" name="deleteGroupTest" time="17.996"/>
  <system-out/>
</testsuite> <!-- testScenarios.DeleteGroupTest -->
