<?xml version="1.0" encoding="UTF-8"?>
<!-- Generated by org.testng.reporters.JUnitReportReporter -->
<testsuite hostname="DESKTOP-VM4S16F" failures="0" tests="1" name="testScenarios.AddNewUserTest" time="24.014" errors="0" timestamp="2024-07-02T12:32:30 IST" skipped="0">
  <testcase classname="testScenarios.AddNewUserTest" name="addNewUserTest" time="24.014"/>
  <system-out/>
</testsuite> <!-- testScenarios.AddNewUserTest -->
