<?xml version="1.0" encoding="UTF-8"?>
<!-- Generated by org.testng.reporters.JUnitReportReporter -->
<testsuite hostname="DESKTOP-VM4S16F" failures="0" tests="1" name="testScenarios.DeleteGroupCodeTest" time="18.076" errors="0" timestamp="2024-06-18T17:28:20 IST" skipped="0">
  <testcase classname="testScenarios.DeleteGroupCodeTest" name="deleteGroupCodeTest" time="18.076"/>
  <system-out/>
</testsuite> <!-- testScenarios.DeleteGroupCodeTest -->
