<?xml version="1.0" encoding="UTF-8"?>
<!-- Generated by org.testng.reporters.JUnitReportReporter -->
<testsuite hostname="DESKTOP-VM4S16F" failures="0" tests="1" name="testScenarios.CheckUtcTime" time="1.038" errors="0" timestamp="2024-06-27T12:15:45 IST" skipped="0">
  <testcase classname="testScenarios.CheckUtcTime" name="checkUtcTime" time="1.038"/>
  <system-out/>
</testsuite> <!-- testScenarios.CheckUtcTime -->
