<?xml version="1.0" encoding="UTF-8"?>
<!-- Generated by org.testng.reporters.JUnitReportReporter -->
<testsuite hostname="DESKTOP-VM4S16F" failures="0" tests="1" name="testScenarios.AddNewUserTest" time="17.069" errors="0" timestamp="2024-06-23T19:49:13 IST" skipped="0">
  <testcase classname="testScenarios.AddNewUserTest" name="addNewUserTest" time="17.069"/>
  <system-out/>
</testsuite> <!-- testScenarios.AddNewUserTest -->
