<?xml version="1.0" encoding="UTF-8"?>
<!-- Generated by org.testng.reporters.JUnitReportReporter -->
<testsuite hostname="DESKTOP-VM4S16F" failures="0" tests="1" name="com.fullAutomation.java.NewTest" time="0.014" errors="0" timestamp="2024-04-08T14:56:28 IST" skipped="0">
  <testcase classname="com.fullAutomation.java.NewTest" name="f" time="0.014"/>
  <system-out/>
</testsuite> <!-- com.fullAutomation.java.NewTest -->
