<?xml version="1.0" encoding="UTF-8"?>
<!-- Generated by org.testng.reporters.JUnitReportReporter -->
<testsuite hostname="DESKTOP-VM4S16F" failures="0" tests="1" name="com.Login.OtpFetch" time="1.886" errors="0" timestamp="2024-07-01T11:29:28 IST" skipped="0">
  <testcase classname="com.Login.OtpFetch" name="testOutlookMailReader" time="1.886"/>
  <system-out/>
</testsuite> <!-- com.Login.OtpFetch -->
